<?xml version="1.0" encoding="UTF-8"?>
<testng-results ignored="0" total="4" passed="3" failed="1" skipped="0">
  <reporter-output>
  </reporter-output>
  <suite started-at="2026-09-07T16:16:55 IST" name="AccessifyLabs Test Suite" finished-at="2026-09-07T16:18:21 IST" duration-ms="85973">
    <groups>
    </groups>
    <test started-at="2026-09-07T16:16:55 IST" name="Login Tests" finished-at="2026-09-07T16:18:21 IST" duration-ms="85973">
      <class name="tests.LoginTest">
        <test-method is-config="true" signature="setup()[pri:0, instance:tests.LoginTest@24569dba]" started-at="2026-09-07T16:16:55 IST" name="setup" finished-at="2026-09-07T16:17:00 IST" duration-ms="5078" status="PASS">
          <reporter-output>
          </reporter-output>
        </test-method> <!-- setup -->
        <test-method is-config="true" signature="setUpTest()[pri:0, instance:tests.LoginTest@24569dba]" started-at="2026-09-07T16:17:00 IST" name="setUpTest" finished-at="2026-09-07T16:17:05 IST" duration-ms="4288" status="PASS">
          <reporter-output>
          </reporter-output>
        </test-method> <!-- setUpTest -->
        <test-method signature="navigateToOrganisationsTest()[pri:0, instance:tests.LoginTest@24569dba]" started-at="2026-09-07T16:17:05 IST" name="navigateToOrganisationsTest" finished-at="2026-09-07T16:17:08 IST" duration-ms="3159" status="PASS">
          <reporter-output>
          </reporter-output>
        </test-method> <!-- navigateToOrganisationsTest -->
        <test-method is-config="true" signature="tearDownTest()[pri:0, instance:tests.LoginTest@24569dba]" started-at="2026-09-07T16:17:08 IST" name="tearDownTest" finished-at="2026-09-07T16:17:08 IST" duration-ms="385" status="PASS">
          <reporter-output>
          </reporter-output>
        </test-method> <!-- tearDownTest -->
        <test-method is-config="true" signature="setup()[pri:0, instance:tests.LoginTest@24569dba]" started-at="2026-09-07T16:17:08 IST" name="setup" finished-at="2026-09-07T16:17:41 IST" duration-ms="32634" status="PASS">
          <reporter-output>
          </reporter-output>
        </test-method> <!-- setup -->
        <test-method is-config="true" signature="tearDown()[pri:0, instance:tests.LoginTest@24569dba]" started-at="2026-09-07T16:17:08 IST" name="tearDown" finished-at="2026-09-07T16:17:08 IST" duration-ms="0" status="PASS">
          <reporter-output>
          </reporter-output>
        </test-method> <!-- tearDown -->
        <test-method is-config="true" signature="setUpTest()[pri:0, instance:tests.LoginTest@24569dba]" started-at="2026-09-07T16:17:41 IST" name="setUpTest" finished-at="2026-09-07T16:17:44 IST" duration-ms="3518" status="PASS">
          <reporter-output>
          </reporter-output>
        </test-method> <!-- setUpTest -->
        <test-method signature="validLoginTest()[pri:0, instance:tests.LoginTest@24569dba]" started-at="2026-09-07T16:17:44 IST" name="validLoginTest" finished-at="2026-09-07T16:17:47 IST" duration-ms="2199" status="PASS">
          <reporter-output>
          </reporter-output>
        </test-method> <!-- validLoginTest -->
        <test-method is-config="true" signature="tearDownTest()[pri:0, instance:tests.LoginTest@24569dba]" started-at="2026-09-07T16:17:47 IST" name="tearDownTest" finished-at="2026-09-07T16:17:47 IST" duration-ms="457" status="PASS">
          <reporter-output>
          </reporter-output>
        </test-method> <!-- tearDownTest -->
        <test-method is-config="true" signature="tearDown()[pri:0, instance:tests.LoginTest@24569dba]" started-at="2026-09-07T16:17:47 IST" name="tearDown" finished-at="2026-09-07T16:17:47 IST" duration-ms="0" status="PASS">
          <reporter-output>
          </reporter-output>
        </test-method> <!-- tearDown -->
      </class> <!-- tests.LoginTest -->
      <class name="tests.Organisationtest">
        <test-method is-config="true" signature="setup()[pri:0, instance:tests.Organisationtest@333d4a8c]" started-at="2026-09-07T16:17:57 IST" name="setup" finished-at="2026-09-07T16:18:00 IST" duration-ms="3501" status="PASS">
          <reporter-output>
          </reporter-output>
        </test-method> <!-- setup -->
        <test-method signature="CreateOrganisationTest()[pri:0, instance:tests.Organisationtest@333d4a8c]" started-at="2026-09-07T16:18:00 IST" name="CreateOrganisationTest" finished-at="2026-09-07T16:18:21 IST" duration-ms="20606" status="FAIL">
          <exception class="org.openqa.selenium.TimeoutException">
            <message>
              <![CDATA[Expected condition failed: waiting for element to be clickable: By.xpath: //button[contains(normalize-space(), 'Create Organisation')] (tried for 15 second(s) with 500 milliseconds interval)
Build info: version: '4.35.0', revision: '1c58e5028b'
System info: os.name: 'Windows 11', os.arch: 'amd64', os.version: '10.0', java.version: '22.0.1'
Driver info: org.openqa.selenium.chrome.ChromeDriver
Capabilities {acceptInsecureCerts: false, browserName: chrome, browserVersion: 152.0.7977.77, chrome: {chromedriverVersion: 152.0.7977.82 (d04cdb24d67b..., userDataDir: C:\Users\ABMMAN~1\AppData\L...}, fedcm:accounts: true, goog:chromeOptions: {debuggerAddress: localhost:65085}, goog:processID: 14204, networkConnectionEnabled: false, pageLoadStrategy: normal, platformName: windows, proxy: Proxy(), se:cdp: ws://localhost:65085/devtoo..., se:cdpVersion: 152.0.7977.77, setWindowRect: true, strictFileInteractability: false, timeouts: {implicit: 0, pageLoad: 300000, script: 30000}, unhandledPromptBehavior: dismiss and notify, webauthn:extension:credBlob: true, webauthn:extension:largeBlob: true, webauthn:extension:minPinLength: true, webauthn:extension:prf: true, webauthn:virtualAuthenticators: true}
Session ID: c328d6649bf5e182e98e061aa658e28e]]>
            </message>
            <full-stacktrace>
              <![CDATA[org.openqa.selenium.TimeoutException: Expected condition failed: waiting for element to be clickable: By.xpath: //button[contains(normalize-space(), 'Create Organisation')] (tried for 15 second(s) with 500 milliseconds interval)
Build info: version: '4.35.0', revision: '1c58e5028b'
System info: os.name: 'Windows 11', os.arch: 'amd64', os.version: '10.0', java.version: '22.0.1'
Driver info: org.openqa.selenium.chrome.ChromeDriver
Capabilities {acceptInsecureCerts: false, browserName: chrome, browserVersion: 152.0.7977.77, chrome: {chromedriverVersion: 152.0.7977.82 (d04cdb24d67b..., userDataDir: C:\Users\ABMMAN~1\AppData\L...}, fedcm:accounts: true, goog:chromeOptions: {debuggerAddress: localhost:65085}, goog:processID: 14204, networkConnectionEnabled: false, pageLoadStrategy: normal, platformName: windows, proxy: Proxy(), se:cdp: ws://localhost:65085/devtoo..., se:cdpVersion: 152.0.7977.77, setWindowRect: true, strictFileInteractability: false, timeouts: {implicit: 0, pageLoad: 300000, script: 30000}, unhandledPromptBehavior: dismiss and notify, webauthn:extension:credBlob: true, webauthn:extension:largeBlob: true, webauthn:extension:minPinLength: true, webauthn:extension:prf: true, webauthn:virtualAuthenticators: true}
Session ID: c328d6649bf5e182e98e061aa658e28e
at org.openqa.selenium.support.ui.WebDriverWait.timeoutException(WebDriverWait.java:84)
at org.openqa.selenium.support.ui.FluentWait.until(FluentWait.java:228)
at utils.WaitUtils.visible(WaitUtils.java:21)
at pages.OrganisationsPage.clickCreateOrganisation(OrganisationsPage.java:71)
at tests.Organisationtest.CreateOrganisationTest(Organisationtest.java:15)
at java.base/jdk.internal.reflect.DirectMethodHandleAccessor.invoke(DirectMethodHandleAccessor.java:103)
at java.base/java.lang.reflect.Method.invoke(Method.java:580)
at org.testng.internal.invokers.MethodInvocationHelper.invokeMethod(MethodInvocationHelper.java:141)
at org.testng.internal.invokers.TestInvoker.invokeMethod(TestInvoker.java:687)
at org.testng.internal.invokers.TestInvoker.invokeTestMethod(TestInvoker.java:230)
at org.testng.internal.invokers.MethodRunner.runInSequence(MethodRunner.java:63)
at org.testng.internal.invokers.TestInvoker$MethodInvocationAgent.invoke(TestInvoker.java:995)
at org.testng.internal.invokers.TestInvoker.invokeTestMethods(TestInvoker.java:203)
at org.testng.internal.invokers.TestMethodWorker.invokeTestMethods(TestMethodWorker.java:154)
at org.testng.internal.invokers.TestMethodWorker.run(TestMethodWorker.java:134)
at java.base/java.util.ArrayList.forEach(ArrayList.java:1597)
at org.testng.TestRunner.privateRun(TestRunner.java:741)
at org.testng.TestRunner.run(TestRunner.java:616)
at org.testng.SuiteRunner.runTest(SuiteRunner.java:421)
at org.testng.SuiteRunner.runSequentially(SuiteRunner.java:413)
at org.testng.SuiteRunner.privateRun(SuiteRunner.java:373)
at org.testng.SuiteRunner.run(SuiteRunner.java:312)
at org.testng.SuiteRunnerWorker.runSuite(SuiteRunnerWorker.java:52)
at org.testng.SuiteRunnerWorker.run(SuiteRunnerWorker.java:95)
at org.testng.TestNG.runSuitesSequentially(TestNG.java:1274)
at org.testng.TestNG.runSuitesLocally(TestNG.java:1208)
at org.testng.TestNG.runSuites(TestNG.java:1112)
at org.testng.TestNG.run(TestNG.java:1079)
at org.testng.remote.AbstractRemoteTestNG.run(AbstractRemoteTestNG.java:115)
at org.testng.remote.RemoteTestNG.initAndRun(RemoteTestNG.java:293)
at org.testng.remote.RemoteTestNG.main(RemoteTestNG.java:91)
]]>
            </full-stacktrace>
          </exception> <!-- org.openqa.selenium.TimeoutException -->
          <reporter-output>
          </reporter-output>
        </test-method> <!-- CreateOrganisationTest -->
        <test-method is-config="true" signature="tearDown()[pri:0, instance:tests.Organisationtest@333d4a8c]" started-at="2026-09-07T16:18:21 IST" name="tearDown" finished-at="2026-09-07T16:18:21 IST" duration-ms="514" status="PASS">
          <reporter-output>
          </reporter-output>
        </test-method> <!-- tearDown -->
      </class> <!-- tests.Organisationtest -->
      <class name="tests.DashboardTest">
        <test-method is-config="true" signature="setUp()[pri:0, instance:tests.DashboardTest@1c742ed4]" started-at="2026-09-07T16:17:47 IST" name="setUp" finished-at="2026-09-07T16:17:53 IST" duration-ms="5689" status="PASS">
          <reporter-output>
          </reporter-output>
        </test-method> <!-- setUp -->
        <test-method signature="Organisations()[pri:0, instance:tests.DashboardTest@1c742ed4]" started-at="2026-09-07T16:17:53 IST" name="Organisations" finished-at="2026-09-07T16:17:56 IST" duration-ms="3531" status="PASS">
          <reporter-output>
          </reporter-output>
        </test-method> <!-- Organisations -->
        <test-method is-config="true" signature="tearDown()[pri:0, instance:tests.DashboardTest@1c742ed4]" started-at="2026-09-07T16:17:56 IST" name="tearDown" finished-at="2026-09-07T16:17:57 IST" duration-ms="358" status="PASS">
          <reporter-output>
          </reporter-output>
        </test-method> <!-- tearDown -->
      </class> <!-- tests.DashboardTest -->
    </test> <!-- Login Tests -->
  </suite> <!-- AccessifyLabs Test Suite -->
</testng-results>
